Determining if the pthread_create exist failed with the following output:
Change Dir: /home/drrobot2/hokuyo_exp/build/CMakeFiles/CMakeTmp

Run Build Command:/usr/bin/make "cmTryCompileExec731695364/fast"
/usr/bin/make -f CMakeFiles/cmTryCompileExec731695364.dir/build.make CMakeFiles/cmTryCompileExec731695364.dir/build
make[1]: Entering directory `/home/drrobot2/hokuyo_exp/build/CMakeFiles/CMakeTmp'
/usr/bin/cmake -E cmake_progress_report /home/drrobot2/hokuyo_exp/build/CMakeFiles/CMakeTmp/CMakeFiles 1
Building C object CMakeFiles/cmTryCompileExec731695364.dir/CheckSymbolExists.c.o
/usr/bin/cc    -o CMakeFiles/cmTryCompileExec731695364.dir/CheckSymbolExists.c.o   -c /home/drrobot2/hokuyo_exp/build/CMakeFiles/CMakeTmp/CheckSymbolExists.c
Linking C executable cmTryCompileExec731695364
/usr/bin/cmake -E cmake_link_script CMakeFiles/cmTryCompileExec731695364.dir/link.txt --verbose=1
/usr/bin/cc       CMakeFiles/cmTryCompileExec731695364.dir/CheckSymbolExists.c.o  -o cmTryCompileExec731695364 -rdynamic 
CMakeFiles/cmTryCompileExec731695364.dir/CheckSymbolExists.c.o: In function `main':
CheckSymbolExists.c:(.text+0x16): undefined reference to `pthread_create'
collect2: error: ld returned 1 exit status
make[1]: *** [cmTryCompileExec731695364] Error 1
make[1]: Leaving directory `/home/drrobot2/hokuyo_exp/build/CMakeFiles/CMakeTmp'
make: *** [cmTryCompileExec731695364/fast] Error 2

File /home/drrobot2/hokuyo_exp/build/CMakeFiles/CMakeTmp/CheckSymbolExists.c:
/* */
#include <pthread.h>

int main(int argc, char** argv)
{
  (void)argv;
#ifndef pthread_create
  return ((int*)(&pthread_create))[argc];
#else
  (void)argc;
  return 0;
#endif
}

Determining if the function pthread_create exists in the pthreads failed with the following output:
Change Dir: /home/drrobot2/hokuyo_exp/build/CMakeFiles/CMakeTmp

Run Build Command:/usr/bin/make "cmTryCompileExec3630079507/fast"
/usr/bin/make -f CMakeFiles/cmTryCompileExec3630079507.dir/build.make CMakeFiles/cmTryCompileExec3630079507.dir/build
make[1]: Entering directory `/home/drrobot2/hokuyo_exp/build/CMakeFiles/CMakeTmp'
/usr/bin/cmake -E cmake_progress_report /home/drrobot2/hokuyo_exp/build/CMakeFiles/CMakeTmp/CMakeFiles 1
Building C object CMakeFiles/cmTryCompileExec3630079507.dir/CheckFunctionExists.c.o
/usr/bin/cc   -DCHECK_FUNCTION_EXISTS=pthread_create   -o CMakeFiles/cmTryCompileExec3630079507.dir/CheckFunctionExists.c.o   -c /usr/share/cmake-2.8/Modules/CheckFunctionExists.c
Linking C executable cmTryCompileExec3630079507
/usr/bin/cmake -E cmake_link_script CMakeFiles/cmTryCompileExec3630079507.dir/link.txt --verbose=1
/usr/bin/cc   -DCHECK_FUNCTION_EXISTS=pthread_create    CMakeFiles/cmTryCompileExec3630079507.dir/CheckFunctionExists.c.o  -o cmTryCompileExec3630079507 -rdynamic -lpthreads 
/usr/bin/ld: cannot find -lpthreads
collect2: error: ld returned 1 exit status
make[1]: *** [cmTryCompileExec3630079507] Error 1
make[1]: Leaving directory `/home/drrobot2/hokuyo_exp/build/CMakeFiles/CMakeTmp'
make: *** [cmTryCompileExec3630079507/fast] Error 2


Determining if the Q_WS_WIN exist failed with the following output:
Change Dir: /home/drrobot2/hokuyo_exp/build/CMakeFiles/CMakeTmp

Run Build Command:/usr/bin/make "cmTryCompileExec2554495205/fast"
/usr/bin/make -f CMakeFiles/cmTryCompileExec2554495205.dir/build.make CMakeFiles/cmTryCompileExec2554495205.dir/build
make[1]: Entering directory `/home/drrobot2/hokuyo_exp/build/CMakeFiles/CMakeTmp'
/usr/bin/cmake -E cmake_progress_report /home/drrobot2/hokuyo_exp/build/CMakeFiles/CMakeTmp/CMakeFiles 1
Building CXX object CMakeFiles/cmTryCompileExec2554495205.dir/CheckSymbolExists.cxx.o
/usr/bin/c++    -I/usr/include/qt4    -o CMakeFiles/cmTryCompileExec2554495205.dir/CheckSymbolExists.cxx.o -c /home/drrobot2/hokuyo_exp/build/CMakeFiles/CMakeTmp/CheckSymbolExists.cxx
/home/drrobot2/hokuyo_exp/build/CMakeFiles/CMakeTmp/CheckSymbolExists.cxx: In function ‘int main(int, char**)’:
/home/drrobot2/hokuyo_exp/build/CMakeFiles/CMakeTmp/CheckSymbolExists.cxx:8:19: error: ‘Q_WS_WIN’ was not declared in this scope
   return ((int*)(&Q_WS_WIN))[argc];
                   ^
make[1]: *** [CMakeFiles/cmTryCompileExec2554495205.dir/CheckSymbolExists.cxx.o] Error 1
make[1]: Leaving directory `/home/drrobot2/hokuyo_exp/build/CMakeFiles/CMakeTmp'
make: *** [cmTryCompileExec2554495205/fast] Error 2

File /home/drrobot2/hokuyo_exp/build/CMakeFiles/CMakeTmp/CheckSymbolExists.cxx:
/* */
#include <QtCore/qglobal.h>

int main(int argc, char** argv)
{
  (void)argv;
#ifndef Q_WS_WIN
  return ((int*)(&Q_WS_WIN))[argc];
#else
  (void)argc;
  return 0;
#endif
}

Determining if the Q_WS_QWS exist failed with the following output:
Change Dir: /home/drrobot2/hokuyo_exp/build/CMakeFiles/CMakeTmp

Run Build Command:/usr/bin/make "cmTryCompileExec959614933/fast"
/usr/bin/make -f CMakeFiles/cmTryCompileExec959614933.dir/build.make CMakeFiles/cmTryCompileExec959614933.dir/build
make[1]: Entering directory `/home/drrobot2/hokuyo_exp/build/CMakeFiles/CMakeTmp'
/usr/bin/cmake -E cmake_progress_report /home/drrobot2/hokuyo_exp/build/CMakeFiles/CMakeTmp/CMakeFiles 1
Building CXX object CMakeFiles/cmTryCompileExec959614933.dir/CheckSymbolExists.cxx.o
/usr/bin/c++    -I/usr/include/qt4    -o CMakeFiles/cmTryCompileExec959614933.dir/CheckSymbolExists.cxx.o -c /home/drrobot2/hokuyo_exp/build/CMakeFiles/CMakeTmp/CheckSymbolExists.cxx
/home/drrobot2/hokuyo_exp/build/CMakeFiles/CMakeTmp/CheckSymbolExists.cxx: In function ‘int main(int, char**)’:
/home/drrobot2/hokuyo_exp/build/CMakeFiles/CMakeTmp/CheckSymbolExists.cxx:8:19: error: ‘Q_WS_QWS’ was not declared in this scope
   return ((int*)(&Q_WS_QWS))[argc];
                   ^
make[1]: Leaving directory `/home/drrobot2/hokuyo_exp/build/CMakeFiles/CMakeTmp'
make[1]: *** [CMakeFiles/cmTryCompileExec959614933.dir/CheckSymbolExists.cxx.o] Error 1
make: *** [cmTryCompileExec959614933/fast] Error 2

File /home/drrobot2/hokuyo_exp/build/CMakeFiles/CMakeTmp/CheckSymbolExists.cxx:
/* */
#include <QtCore/qglobal.h>

int main(int argc, char** argv)
{
  (void)argv;
#ifndef Q_WS_QWS
  return ((int*)(&Q_WS_QWS))[argc];
#else
  (void)argc;
  return 0;
#endif
}

Determining if the Q_WS_MAC exist failed with the following output:
Change Dir: /home/drrobot2/hokuyo_exp/build/CMakeFiles/CMakeTmp

Run Build Command:/usr/bin/make "cmTryCompileExec1418488935/fast"
/usr/bin/make -f CMakeFiles/cmTryCompileExec1418488935.dir/build.make CMakeFiles/cmTryCompileExec1418488935.dir/build
make[1]: Entering directory `/home/drrobot2/hokuyo_exp/build/CMakeFiles/CMakeTmp'
/usr/bin/cmake -E cmake_progress_report /home/drrobot2/hokuyo_exp/build/CMakeFiles/CMakeTmp/CMakeFiles 1
Building CXX object CMakeFiles/cmTryCompileExec1418488935.dir/CheckSymbolExists.cxx.o
/usr/bin/c++    -I/usr/include/qt4    -o CMakeFiles/cmTryCompileExec1418488935.dir/CheckSymbolExists.cxx.o -c /home/drrobot2/hokuyo_exp/build/CMakeFiles/CMakeTmp/CheckSymbolExists.cxx
/home/drrobot2/hokuyo_exp/build/CMakeFiles/CMakeTmp/CheckSymbolExists.cxx: In function ‘int main(int, char**)’:
/home/drrobot2/hokuyo_exp/build/CMakeFiles/CMakeTmp/CheckSymbolExists.cxx:8:19: error: ‘Q_WS_MAC’ was not declared in this scope
   return ((int*)(&Q_WS_MAC))[argc];
                   ^
make[1]: *** [CMakeFiles/cmTryCompileExec1418488935.dir/CheckSymbolExists.cxx.o] Error 1
make[1]: Leaving directory `/home/drrobot2/hokuyo_exp/build/CMakeFiles/CMakeTmp'
make: *** [cmTryCompileExec1418488935/fast] Error 2

File /home/drrobot2/hokuyo_exp/build/CMakeFiles/CMakeTmp/CheckSymbolExists.cxx:
/* */
#include <QtCore/qglobal.h>

int main(int argc, char** argv)
{
  (void)argv;
#ifndef Q_WS_MAC
  return ((int*)(&Q_WS_MAC))[argc];
#else
  (void)argc;
  return 0;
#endif
}

